mode: atomic
github.com/cmwylie19/sonar-webhook-operator/webhook/hmac/hmac.go:11.53,17.2 4 4
github.com/cmwylie19/sonar-webhook-operator/webhook/hmac/hmac.go:22.39,27.2 4 1
github.com/cmwylie19/sonar-webhook-operator/webhook/hmac/hmac.go:31.75,34.26 2 2
github.com/cmwylie19/sonar-webhook-operator/webhook/hmac/hmac.go:44.2,44.18 1 2
github.com/cmwylie19/sonar-webhook-operator/webhook/hmac/hmac.go:34.26,37.11 3 2
github.com/cmwylie19/sonar-webhook-operator/webhook/hmac/hmac.go:37.11,39.4 1 1
github.com/cmwylie19/sonar-webhook-operator/webhook/hmac/hmac.go:40.8,42.3 1 0
github.com/cmwylie19/sonar-webhook-operator/webhook/hmac/hmac.go:47.14,47.15 0 1
github.com/cmwylie19/sonar-webhook-operator/webhook/main.go:12.23,21.2 8 0
github.com/cmwylie19/sonar-webhook-operator/webhook/main.go:23.13,25.2 1 0
